This file contains any messages produced by compilers while
running configure, to aid debugging if configure makes a mistake.

It was created by isl configure 0.23, which was
generated by GNU Autoconf 2.69.  Invocation command line was

  $ ./configure --disable-option-checking --prefix=/home/blake/Research/quantum/artifact-new/qrane/lib/barvinok --enable-shared-barvinok --with-libgmp --with-gmp --with-polylib-builddir=../polylib --with-isl=build --with-isl-builddir=../isl --cache-file=/dev/null --srcdir=.

## --------- ##
## Platform. ##
## --------- ##

hostname = blakelaptop
uname -m = x86_64
uname -r = 5.16.12-arch1-1
uname -s = Linux
uname -v = #1 SMP PREEMPT Wed, 02 Mar 2022 12:22:51 +0000

/usr/bin/uname -p = unknown
/bin/uname -X     = unknown

/bin/arch              = unknown
/usr/bin/arch -k       = unknown
/usr/convex/getsysinfo = unknown
/usr/bin/hostinfo      = unknown
/bin/machine           = unknown
/usr/bin/oslevel       = unknown
/bin/universe          = unknown

PATH: /opt/anaconda/bin
PATH: /opt/anaconda/condabin
PATH: /usr/local/sbin
PATH: /usr/local/bin
PATH: /usr/bin
PATH: /opt/cuda/bin
PATH: /opt/cuda/nsight_compute
PATH: /opt/cuda/nsight_systems/bin
PATH: /var/lib/flatpak/exports/bin
PATH: /usr/lib/jvm/default/bin
PATH: /usr/bin/site_perl
PATH: /usr/bin/vendor_perl
PATH: /usr/bin/core_perl


## ----------- ##
## Core tests. ##
## ----------- ##

configure:2772: checking for a BSD-compatible install
configure:2840: result: /usr/bin/install -c
configure:2851: checking whether build environment is sane
configure:2906: result: yes
configure:3057: checking for a thread-safe mkdir -p
configure:3096: result: /usr/bin/mkdir -p
configure:3103: checking for gawk
configure:3119: found /usr/bin/gawk
configure:3130: result: gawk
configure:3141: checking whether make sets $(MAKE)
configure:3163: result: yes
configure:3192: checking whether make supports nested variables
configure:3209: result: yes
configure:3346: checking whether make supports nested variables
configure:3363: result: yes
configure:3437: checking for gcc
configure:3453: found /usr/bin/gcc
configure:3464: result: gcc
configure:3693: checking for C compiler version
configure:3702: gcc --version >&5
gcc (GCC) 11.2.0
Copyright (C) 2021 Free Software Foundation, Inc.
This is free software; see the source for copying conditions.  There is NO
warranty; not even for MERCHANTABILITY or FITNESS FOR A PARTICULAR PURPOSE.

configure:3713: $? = 0
configure:3702: gcc -v >&5
Using built-in specs.
COLLECT_GCC=gcc
COLLECT_LTO_WRAPPER=/usr/lib/gcc/x86_64-pc-linux-gnu/11.2.0/lto-wrapper
Target: x86_64-pc-linux-gnu
Configured with: /build/gcc/src/gcc/configure --enable-languages=c,c++,ada,fortran,go,lto,objc,obj-c++,d --enable-bootstrap --prefix=/usr --libdir=/usr/lib --libexecdir=/usr/lib --mandir=/usr/share/man --infodir=/usr/share/info --with-bugurl=https://bugs.archlinux.org/ --with-linker-hash-style=gnu --with-system-zlib --enable-__cxa_atexit --enable-cet=auto --enable-checking=release --enable-clocale=gnu --enable-default-pie --enable-default-ssp --enable-gnu-indirect-function --enable-gnu-unique-object --enable-linker-build-id --enable-lto --enable-multilib --enable-plugin --enable-shared --enable-threads=posix --disable-libssp --disable-libstdcxx-pch --disable-werror --with-build-config=bootstrap-lto --enable-link-serialization=1 gdc_include_dir=/usr/include/dlang/gdc
Thread model: posix
Supported LTO compression algorithms: zlib zstd
gcc version 11.2.0 (GCC) 
configure:3713: $? = 0
configure:3702: gcc -V >&5
gcc: error: unrecognized command-line option '-V'
gcc: fatal error: no input files
compilation terminated.
configure:3713: $? = 1
configure:3702: gcc -qversion >&5
gcc: error: unrecognized command-line option '-qversion'; did you mean '--version'?
gcc: fatal error: no input files
compilation terminated.
configure:3713: $? = 1
configure:3733: checking whether the C compiler works
configure:3755: gcc    conftest.c  >&5
configure:3759: $? = 0
configure:3807: result: yes
configure:3810: checking for C compiler default output file name
configure:3812: result: a.out
configure:3818: checking for suffix of executables
configure:3825: gcc -o conftest    conftest.c  >&5
configure:3829: $? = 0
configure:3851: result: 
configure:3873: checking whether we are cross compiling
configure:3881: gcc -o conftest    conftest.c  >&5
configure:3885: $? = 0
configure:3892: ./conftest
configure:3896: $? = 0
configure:3911: result: no
configure:3916: checking for suffix of object files
configure:3938: gcc -c   conftest.c >&5
configure:3942: $? = 0
configure:3963: result: o
configure:3967: checking whether we are using the GNU C compiler
configure:3986: gcc -c   conftest.c >&5
configure:3986: $? = 0
configure:3995: result: yes
configure:4004: checking whether gcc accepts -g
configure:4024: gcc -c -g  conftest.c >&5
configure:4024: $? = 0
configure:4065: result: yes
configure:4082: checking for gcc option to accept ISO C89
configure:4145: gcc  -c -g -O2  conftest.c >&5
configure:4145: $? = 0
configure:4158: result: none needed
configure:4183: checking whether gcc understands -c and -o together
configure:4205: gcc -c conftest.c -o conftest2.o
configure:4208: $? = 0
configure:4205: gcc -c conftest.c -o conftest2.o
configure:4208: $? = 0
configure:4220: result: yes
configure:4240: checking whether make supports the include directive
configure:4255: make -f confmf.GNU && cat confinc.out
this is the am__doit target
configure:4258: $? = 0
configure:4277: result: yes (GNU style)
configure:4302: checking dependency style of gcc
configure:4413: result: gcc3
configure:4486: checking for g++
configure:4502: found /usr/bin/g++
configure:4513: result: g++
configure:4540: checking for C++ compiler version
configure:4549: g++ --version >&5
g++ (GCC) 11.2.0
Copyright (C) 2021 Free Software Foundation, Inc.
This is free software; see the source for copying conditions.  There is NO
warranty; not even for MERCHANTABILITY or FITNESS FOR A PARTICULAR PURPOSE.

configure:4560: $? = 0
configure:4549: g++ -v >&5
Using built-in specs.
COLLECT_GCC=g++
COLLECT_LTO_WRAPPER=/usr/lib/gcc/x86_64-pc-linux-gnu/11.2.0/lto-wrapper
Target: x86_64-pc-linux-gnu
Configured with: /build/gcc/src/gcc/configure --enable-languages=c,c++,ada,fortran,go,lto,objc,obj-c++,d --enable-bootstrap --prefix=/usr --libdir=/usr/lib --libexecdir=/usr/lib --mandir=/usr/share/man --infodir=/usr/share/info --with-bugurl=https://bugs.archlinux.org/ --with-linker-hash-style=gnu --with-system-zlib --enable-__cxa_atexit --enable-cet=auto --enable-checking=release --enable-clocale=gnu --enable-default-pie --enable-default-ssp --enable-gnu-indirect-function --enable-gnu-unique-object --enable-linker-build-id --enable-lto --enable-multilib --enable-plugin --enable-shared --enable-threads=posix --disable-libssp --disable-libstdcxx-pch --disable-werror --with-build-config=bootstrap-lto --enable-link-serialization=1 gdc_include_dir=/usr/include/dlang/gdc
Thread model: posix
Supported LTO compression algorithms: zlib zstd
gcc version 11.2.0 (GCC) 
configure:4560: $? = 0
configure:4549: g++ -V >&5
g++: error: unrecognized command-line option '-V'
g++: fatal error: no input files
compilation terminated.
configure:4560: $? = 1
configure:4549: g++ -qversion >&5
g++: error: unrecognized command-line option '-qversion'; did you mean '--version'?
g++: fatal error: no input files
compilation terminated.
configure:4560: $? = 1
configure:4564: checking whether we are using the GNU C++ compiler
configure:4583: g++ -c   conftest.cpp >&5
configure:4583: $? = 0
configure:4592: result: yes
configure:4601: checking whether g++ accepts -g
configure:4621: g++ -c -g  conftest.cpp >&5
configure:4621: $? = 0
configure:4662: result: yes
configure:4687: checking dependency style of g++
configure:4798: result: gcc3
configure:4818: checking how to run the C preprocessor
configure:4849: gcc -E  conftest.c
configure:4849: $? = 0
configure:4863: gcc -E  conftest.c
conftest.c:11:10: fatal error: ac_nonexistent.h: No such file or directory
   11 | #include <ac_nonexistent.h>
      |          ^~~~~~~~~~~~~~~~~~
compilation terminated.
configure:4863: $? = 1
configure: failed program was:
| /* confdefs.h */
| #define PACKAGE_NAME "isl"
| #define PACKAGE_TARNAME "isl"
| #define PACKAGE_VERSION "0.23"
| #define PACKAGE_STRING "isl 0.23"
| #define PACKAGE_BUGREPORT "isl-development@googlegroups.com"
| #define PACKAGE_URL ""
| #define PACKAGE "isl"
| #define VERSION "0.23"
| /* end confdefs.h.  */
| #include <ac_nonexistent.h>
configure:4888: result: gcc -E
configure:4908: gcc -E  conftest.c
configure:4908: $? = 0
configure:4922: gcc -E  conftest.c
conftest.c:11:10: fatal error: ac_nonexistent.h: No such file or directory
   11 | #include <ac_nonexistent.h>
      |          ^~~~~~~~~~~~~~~~~~
compilation terminated.
configure:4922: $? = 1
configure: failed program was:
| /* confdefs.h */
| #define PACKAGE_NAME "isl"
| #define PACKAGE_TARNAME "isl"
| #define PACKAGE_VERSION "0.23"
| #define PACKAGE_STRING "isl 0.23"
| #define PACKAGE_BUGREPORT "isl-development@googlegroups.com"
| #define PACKAGE_URL ""
| #define PACKAGE "isl"
| #define VERSION "0.23"
| /* end confdefs.h.  */
| #include <ac_nonexistent.h>
configure:4954: checking build system type
configure:4968: result: x86_64-unknown-linux-gnu
configure:5013: checking for x86_64-unknown-linux-gnu-gcc
configure:5043: result: no
configure:5053: checking for gcc
configure:5069: found /usr/bin/gcc
configure:5080: result: gcc
configure:5309: checking for C compiler version
configure:5318: gcc --version >&5
gcc (GCC) 11.2.0
Copyright (C) 2021 Free Software Foundation, Inc.
This is free software; see the source for copying conditions.  There is NO
warranty; not even for MERCHANTABILITY or FITNESS FOR A PARTICULAR PURPOSE.

configure:5329: $? = 0
configure:5318: gcc -v >&5
Using built-in specs.
COLLECT_GCC=gcc
COLLECT_LTO_WRAPPER=/usr/lib/gcc/x86_64-pc-linux-gnu/11.2.0/lto-wrapper
Target: x86_64-pc-linux-gnu
Configured with: /build/gcc/src/gcc/configure --enable-languages=c,c++,ada,fortran,go,lto,objc,obj-c++,d --enable-bootstrap --prefix=/usr --libdir=/usr/lib --libexecdir=/usr/lib --mandir=/usr/share/man --infodir=/usr/share/info --with-bugurl=https://bugs.archlinux.org/ --with-linker-hash-style=gnu --with-system-zlib --enable-__cxa_atexit --enable-cet=auto --enable-checking=release --enable-clocale=gnu --enable-default-pie --enable-default-ssp --enable-gnu-indirect-function --enable-gnu-unique-object --enable-linker-build-id --enable-lto --enable-multilib --enable-plugin --enable-shared --enable-threads=posix --disable-libssp --disable-libstdcxx-pch --disable-werror --with-build-config=bootstrap-lto --enable-link-serialization=1 gdc_include_dir=/usr/include/dlang/gdc
Thread model: posix
Supported LTO compression algorithms: zlib zstd
gcc version 11.2.0 (GCC) 
configure:5329: $? = 0
configure:5318: gcc -V >&5
gcc: error: unrecognized command-line option '-V'
gcc: fatal error: no input files
compilation terminated.
configure:5329: $? = 1
configure:5318: gcc -qversion >&5
gcc: error: unrecognized command-line option '-qversion'; did you mean '--version'?
gcc: fatal error: no input files
compilation terminated.
configure:5329: $? = 1
configure:5333: checking whether we are using the GNU C compiler
configure:5361: result: yes
configure:5370: checking whether gcc accepts -g
configure:5390: gcc -c -g  conftest.c >&5
configure:5390: $? = 0
configure:5431: result: yes
configure:5448: checking for gcc option to accept ISO C89
configure:5511: gcc  -c -g  conftest.c >&5
configure:5511: $? = 0
configure:5524: result: none needed
configure:5549: checking whether gcc understands -c and -o together
configure:5571: gcc -c conftest.c -o conftest2.
configure:5574: $? = 0
configure:5571: gcc -c conftest.c -o conftest2.
configure:5574: $? = 0
configure:5586: result: yes
configure:5605: checking dependency style of gcc
configure:5716: result: gcc3
configure:5747: checking whether the C compiler works
configure:5769: gcc -g   conftest.c  >&5
configure:5773: $? = 0
configure:5821: result: yes
configure:5824: checking for C compiler default output file name
configure:5826: result: a.out
configure:5832: checking for suffix of executables
configure:5839: gcc -o conftest -g   conftest.c  >&5
configure:5843: $? = 0
configure:5865: result: 
configure:5887: checking whether we are cross compiling
configure:5895: gcc -o conftest -g   conftest.c  >&5
configure:5899: $? = 0
configure:5906: ./conftest
configure:5910: $? = 0
configure:5925: result: no
configure:5931: checking for suffix of object files
configure:5953: gcc -c -g  conftest.c >&5
configure:5957: $? = 0
configure:5978: result: o
configure:5988: checking how to run the C preprocessor
configure:6019: gcc -E  conftest.c
configure:6019: $? = 0
configure:6033: gcc -E  conftest.c
conftest.c:11:10: fatal error: ac_nonexistent.h: No such file or directory
   11 | #include <ac_nonexistent.h>
      |          ^~~~~~~~~~~~~~~~~~
compilation terminated.
configure:6033: $? = 1
configure: failed program was:
| /* confdefs.h */
| #define PACKAGE_NAME "isl"
| #define PACKAGE_TARNAME "isl"
| #define PACKAGE_VERSION "0.23"
| #define PACKAGE_STRING "isl 0.23"
| #define PACKAGE_BUGREPORT "isl-development@googlegroups.com"
| #define PACKAGE_URL ""
| #define PACKAGE "isl"
| #define VERSION "0.23"
| /* end confdefs.h.  */
| #include <ac_nonexistent.h>
configure:6058: result: gcc -E
configure:6078: gcc -E  conftest.c
configure:6078: $? = 0
configure:6092: gcc -E  conftest.c
conftest.c:11:10: fatal error: ac_nonexistent.h: No such file or directory
   11 | #include <ac_nonexistent.h>
      |          ^~~~~~~~~~~~~~~~~~
compilation terminated.
configure:6092: $? = 1
configure: failed program was:
| /* confdefs.h */
| #define PACKAGE_NAME "isl"
| #define PACKAGE_TARNAME "isl"
| #define PACKAGE_VERSION "0.23"
| #define PACKAGE_STRING "isl 0.23"
| #define PACKAGE_BUGREPORT "isl-development@googlegroups.com"
| #define PACKAGE_URL ""
| #define PACKAGE "isl"
| #define VERSION "0.23"
| /* end confdefs.h.  */
| #include <ac_nonexistent.h>
configure:6133: checking for C compiler vendor
configure:6157: gcc -c -g -O2  conftest.c >&5
conftest.c: In function 'main':
conftest.c:17:7: error: 'thisisanerror' undeclared (first use in this function)
   17 |       thisisanerror;
      |       ^~~~~~~~~~~~~
conftest.c:17:7: note: each undeclared identifier is reported only once for each function it appears in
configure:6157: $? = 1
configure: failed program was:
| /* confdefs.h */
| #define PACKAGE_NAME "isl"
| #define PACKAGE_TARNAME "isl"
| #define PACKAGE_VERSION "0.23"
| #define PACKAGE_STRING "isl 0.23"
| #define PACKAGE_BUGREPORT "isl-development@googlegroups.com"
| #define PACKAGE_URL ""
| #define PACKAGE "isl"
| #define VERSION "0.23"
| /* end confdefs.h.  */
| 
| int
| main ()
| {
| 
| #if !(defined(__ICC) || defined(__ECC) || defined(__INTEL_COMPILER))
|       thisisanerror;
| #endif
| 
|   ;
|   return 0;
| }
configure:6157: gcc -c -g -O2  conftest.c >&5
conftest.c: In function 'main':
conftest.c:17:7: error: 'thisisanerror' undeclared (first use in this function)
   17 |       thisisanerror;
      |       ^~~~~~~~~~~~~
conftest.c:17:7: note: each undeclared identifier is reported only once for each function it appears in
configure:6157: $? = 1
configure: failed program was:
| /* confdefs.h */
| #define PACKAGE_NAME "isl"
| #define PACKAGE_TARNAME "isl"
| #define PACKAGE_VERSION "0.23"
| #define PACKAGE_STRING "isl 0.23"
| #define PACKAGE_BUGREPORT "isl-development@googlegroups.com"
| #define PACKAGE_URL ""
| #define PACKAGE "isl"
| #define VERSION "0.23"
| /* end confdefs.h.  */
| 
| int
| main ()
| {
| 
| #if !(defined(__xlc__) || defined(__xlC__) || defined(__IBMC__) || defined(__IBMCPP__))
|       thisisanerror;
| #endif
| 
|   ;
|   return 0;
| }
configure:6157: gcc -c -g -O2  conftest.c >&5
conftest.c: In function 'main':
conftest.c:17:7: error: 'thisisanerror' undeclared (first use in this function)
   17 |       thisisanerror;
      |       ^~~~~~~~~~~~~
conftest.c:17:7: note: each undeclared identifier is reported only once for each function it appears in
configure:6157: $? = 1
configure: failed program was:
| /* confdefs.h */
| #define PACKAGE_NAME "isl"
| #define PACKAGE_TARNAME "isl"
| #define PACKAGE_VERSION "0.23"
| #define PACKAGE_STRING "isl 0.23"
| #define PACKAGE_BUGREPORT "isl-development@googlegroups.com"
| #define PACKAGE_URL ""
| #define PACKAGE "isl"
| #define VERSION "0.23"
| /* end confdefs.h.  */
| 
| int
| main ()
| {
| 
| #if !(defined(__PATHCC__) || defined(__PATHSCALE__))
|       thisisanerror;
| #endif
| 
|   ;
|   return 0;
| }
configure:6157: gcc -c -g -O2  conftest.c >&5
conftest.c: In function 'main':
conftest.c:17:7: error: 'thisisanerror' undeclared (first use in this function)
   17 |       thisisanerror;
      |       ^~~~~~~~~~~~~
conftest.c:17:7: note: each undeclared identifier is reported only once for each function it appears in
configure:6157: $? = 1
configure: failed program was:
| /* confdefs.h */
| #define PACKAGE_NAME "isl"
| #define PACKAGE_TARNAME "isl"
| #define PACKAGE_VERSION "0.23"
| #define PACKAGE_STRING "isl 0.23"
| #define PACKAGE_BUGREPORT "isl-development@googlegroups.com"
| #define PACKAGE_URL ""
| #define PACKAGE "isl"
| #define VERSION "0.23"
| /* end confdefs.h.  */
| 
| int
| main ()
| {
| 
| #if !(defined(__clang__))
|       thisisanerror;
| #endif
| 
|   ;
|   return 0;
| }
configure:6157: gcc -c -g -O2  conftest.c >&5
configure:6157: $? = 0
configure:6164: result: gnu
configure:6167: checking host system type
configure:6180: result: x86_64-unknown-linux-gnu
configure:6456: checking whether C compiler accepts -malign-double
configure:6475: gcc -c -malign-double  conftest.c >&5
configure:6475: $? = 0
configure:6485: result: yes
configure:6495: checking whether C compiler accepts -fstrict-aliasing
configure:6514: gcc -c -fstrict-aliasing  conftest.c >&5
configure:6514: $? = 0
configure:6524: result: yes
configure:6534: checking whether C compiler accepts -ffast-math
configure:6553: gcc -c -ffast-math  conftest.c >&5
configure:6553: $? = 0
configure:6563: result: yes
configure:6584: checking for gcc architecture flag
configure:6586: result: 
configure:6608: checking for x86 cpuid 0 output
configure:6637: gcc -o conftest -O3 -fomit-frame-pointer -malign-double -fstrict-aliasing -ffast-math   conftest.c  >&5
configure:6637: $? = 0
configure:6637: ./conftest
configure:6637: $? = 0
configure:6647: result: 16:756e6547:6c65746e:49656e69
configure:6663: checking for x86 cpuid 1 output
configure:6692: gcc -o conftest -O3 -fomit-frame-pointer -malign-double -fstrict-aliasing -ffast-math   conftest.c  >&5
configure:6692: $? = 0
configure:6692: ./conftest
configure:6692: $? = 0
configure:6702: result: a0652:8100800:7ffafbbf:bfebfbff
configure:6916: checking whether C compiler accepts -march=pentium2
configure:6931: gcc -c -march=pentium2  conftest.c >&5
cc1: error: CPU you selected does not support x86-64 instruction set
configure:6931: $? = 1
configure: failed program was:
| /* confdefs.h */
| #define PACKAGE_NAME "isl"
| #define PACKAGE_TARNAME "isl"
| #define PACKAGE_VERSION "0.23"
| #define PACKAGE_STRING "isl 0.23"
| #define PACKAGE_BUGREPORT "isl-development@googlegroups.com"
| #define PACKAGE_URL ""
| #define PACKAGE "isl"
| #define VERSION "0.23"
| /* end confdefs.h.  */
| 
| int
| main ()
| {
| 
|   ;
|   return 0;
| }
configure:6939: result: no
configure:6916: checking whether C compiler accepts -mcpu=pentium2
configure:6931: gcc -c -mcpu=pentium2  conftest.c >&5
gcc: warning: '-mcpu=' is deprecated; use '-mtune=' or '-march=' instead
cc1: error: CPU you selected does not support x86-64 instruction set
configure:6931: $? = 1
configure: failed program was:
| /* confdefs.h */
| #define PACKAGE_NAME "isl"
| #define PACKAGE_TARNAME "isl"
| #define PACKAGE_VERSION "0.23"
| #define PACKAGE_STRING "isl 0.23"
| #define PACKAGE_BUGREPORT "isl-development@googlegroups.com"
| #define PACKAGE_URL ""
| #define PACKAGE "isl"
| #define VERSION "0.23"
| /* end confdefs.h.  */
| 
| int
| main ()
| {
| 
|   ;
|   return 0;
| }
configure:6939: result: no
configure:6916: checking whether C compiler accepts -mpentium2
configure:6931: gcc -c -mpentium2  conftest.c >&5
gcc: error: unrecognized command-line option '-mpentium2'; did you mean '-march=pentium2'?
configure:6931: $? = 1
configure: failed program was:
| /* confdefs.h */
| #define PACKAGE_NAME "isl"
| #define PACKAGE_TARNAME "isl"
| #define PACKAGE_VERSION "0.23"
| #define PACKAGE_STRING "isl 0.23"
| #define PACKAGE_BUGREPORT "isl-development@googlegroups.com"
| #define PACKAGE_URL ""
| #define PACKAGE "isl"
| #define VERSION "0.23"
| /* end confdefs.h.  */
| 
| int
| main ()
| {
| 
|   ;
|   return 0;
| }
configure:6939: result: no
configure:6916: checking whether C compiler accepts -march=pentiumpro
configure:6931: gcc -c -march=pentiumpro  conftest.c >&5
cc1: error: CPU you selected does not support x86-64 instruction set
configure:6931: $? = 1
configure: failed program was:
| /* confdefs.h */
| #define PACKAGE_NAME "isl"
| #define PACKAGE_TARNAME "isl"
| #define PACKAGE_VERSION "0.23"
| #define PACKAGE_STRING "isl 0.23"
| #define PACKAGE_BUGREPORT "isl-development@googlegroups.com"
| #define PACKAGE_URL ""
| #define PACKAGE "isl"
| #define VERSION "0.23"
| /* end confdefs.h.  */
| 
| int
| main ()
| {
| 
|   ;
|   return 0;
| }
configure:6939: result: no
configure:6916: checking whether C compiler accepts -mcpu=pentiumpro
configure:6931: gcc -c -mcpu=pentiumpro  conftest.c >&5
gcc: warning: '-mcpu=' is deprecated; use '-mtune=' or '-march=' instead
cc1: error: CPU you selected does not support x86-64 instruction set
configure:6931: $? = 1
configure: failed program was:
| /* confdefs.h */
| #define PACKAGE_NAME "isl"
| #define PACKAGE_TARNAME "isl"
| #define PACKAGE_VERSION "0.23"
| #define PACKAGE_STRING "isl 0.23"
| #define PACKAGE_BUGREPORT "isl-development@googlegroups.com"
| #define PACKAGE_URL ""
| #define PACKAGE "isl"
| #define VERSION "0.23"
| /* end confdefs.h.  */
| 
| int
| main ()
| {
| 
|   ;
|   return 0;
| }
configure:6939: result: no
configure:6916: checking whether C compiler accepts -mpentiumpro
configure:6931: gcc -c -mpentiumpro  conftest.c >&5
gcc: error: unrecognized command-line option '-mpentiumpro'; did you mean '-march=pentiumpro'?
configure:6931: $? = 1
configure: failed program was:
| /* confdefs.h */
| #define PACKAGE_NAME "isl"
| #define PACKAGE_TARNAME "isl"
| #define PACKAGE_VERSION "0.23"
| #define PACKAGE_STRING "isl 0.23"
| #define PACKAGE_BUGREPORT "isl-development@googlegroups.com"
| #define PACKAGE_URL ""
| #define PACKAGE "isl"
| #define VERSION "0.23"
| /* end confdefs.h.  */
| 
| int
| main ()
| {
| 
|   ;
|   return 0;
| }
configure:6939: result: no
configure:6956: checking for gcc architecture flag
configure:6958: result: unknown
configure:6990: checking whether C compiler accepts -O3 -fomit-frame-pointer -malign-double -fstrict-aliasing -ffast-math
configure:7005: gcc -c -O3 -fomit-frame-pointer -malign-double -fstrict-aliasing -ffast-math  conftest.c >&5
configure:7005: $? = 0
configure:7013: result: yes
configure:7033: checking whether the compiler supports function __attribute__((__warn_unused_result__))
configure:7051: gcc -c -O3 -fomit-frame-pointer -malign-double -fstrict-aliasing -ffast-math  conftest.c >&5
configure:7051: $? = 0
configure:7058: result: yes
configure:7067: checking for __attribute__
configure:7089: gcc -c -O3 -fomit-frame-pointer -malign-double -fstrict-aliasing -ffast-math  conftest.c >&5
configure:7089: $? = 0
configure:7098: result: yes
configure:7108: checking for grep that handles long lines and -e
configure:7166: result: /usr/bin/grep
configure:7509: checking whether g++ supports C++11 features by default
configure:7803: g++ -c -g -O2  conftest.cpp >&5
configure:7803: $? = 0
configure:7810: result: yes
configure:8170: checking for grep that handles long lines and -e
configure:8228: result: /usr/bin/grep
configure:8279: checking how to print strings
configure:8306: result: printf
configure:8327: checking for a sed that does not truncate output
configure:8391: result: /usr/bin/sed
configure:8409: checking for egrep
configure:8471: result: /usr/bin/grep -E
configure:8476: checking for fgrep
configure:8538: result: /usr/bin/grep -F
configure:8573: checking for ld used by gcc
configure:8640: result: /usr/bin/ld
configure:8647: checking if the linker (/usr/bin/ld) is GNU ld
configure:8662: result: yes
configure:8674: checking for BSD- or MS-compatible name lister (nm)
configure:8728: result: /usr/bin/nm -B
configure:8858: checking the name lister (/usr/bin/nm -B) interface
configure:8865: gcc -c -O3 -fomit-frame-pointer -malign-double -fstrict-aliasing -ffast-math  conftest.c >&5
configure:8868: /usr/bin/nm -B "conftest.o"
configure:8871: output
0000000000000000 B some_variable
configure:8878: result: BSD nm
configure:8881: checking whether ln -s works
configure:8885: result: yes
configure:8893: checking the maximum length of command line arguments
configure:9024: result: 1572864
configure:9072: checking how to convert x86_64-unknown-linux-gnu file names to x86_64-unknown-linux-gnu format
configure:9112: result: func_convert_file_noop
configure:9119: checking how to convert x86_64-unknown-linux-gnu file names to toolchain format
configure:9139: result: func_convert_file_noop
configure:9146: checking for /usr/bin/ld option to reload object files
configure:9153: result: -r
configure:9227: checking for objdump
configure:9243: found /usr/bin/objdump
configure:9254: result: objdump
configure:9286: checking how to recognize dependent libraries
configure:9486: result: pass_all
configure:9571: checking for dlltool
configure:9601: result: no
configure:9631: checking how to associate runtime and link libraries
configure:9658: result: printf %s\n
configure:9718: checking for ar
configure:9734: found /usr/bin/ar
configure:9745: result: ar
configure:9782: checking for archiver @FILE support
configure:9799: gcc -c -O3 -fomit-frame-pointer -malign-double -fstrict-aliasing -ffast-math  conftest.c >&5
configure:9799: $? = 0
configure:9802: ar cru libconftest.a @conftest.lst >&5
ar: `u' modifier ignored since `D' is the default (see `U')
configure:9805: $? = 0
configure:9810: ar cru libconftest.a @conftest.lst >&5
ar: `u' modifier ignored since `D' is the default (see `U')
ar: conftest.o: No such file or directory
configure:9813: $? = 1
configure:9825: result: @
configure:9883: checking for strip
configure:9899: found /usr/bin/strip
configure:9910: result: strip
configure:9982: checking for ranlib
configure:9998: found /usr/bin/ranlib
configure:10009: result: ranlib
configure:10111: checking command to parse /usr/bin/nm -B output from gcc object
configure:10264: gcc -c -O3 -fomit-frame-pointer -malign-double -fstrict-aliasing -ffast-math  conftest.c >&5
configure:10267: $? = 0
configure:10271: /usr/bin/nm -B conftest.o \| sed -n -e 's/^.*[ ]\([ABCDGIRSTW][ABCDGIRSTW]*\)[ ][ ]*\([_A-Za-z][_A-Za-z0-9]*\)$/\1 \2 \2/p' | sed '/ __gnu_lto/d' \> conftest.nm
configure:10274: $? = 0
configure:10340: gcc -o conftest -O3 -fomit-frame-pointer -malign-double -fstrict-aliasing -ffast-math   conftest.c conftstm.o >&5
configure:10343: $? = 0
configure:10381: result: ok
configure:10428: checking for sysroot
configure:10458: result: no
configure:10465: checking for a working dd
configure:10503: result: /usr/bin/dd
configure:10507: checking how to truncate binary pipes
configure:10522: result: /usr/bin/dd bs=4096 count=1
configure:10658: gcc -c -O3 -fomit-frame-pointer -malign-double -fstrict-aliasing -ffast-math  conftest.c >&5
configure:10661: $? = 0
configure:10851: checking for mt
configure:10881: result: no
configure:10901: checking if : is a manifest tool
configure:10907: : '-?'
configure:10915: result: no
configure:11588: checking for ANSI C header files
configure:11608: gcc -c -O3 -fomit-frame-pointer -malign-double -fstrict-aliasing -ffast-math  conftest.c >&5
configure:11608: $? = 0
configure:11681: gcc -o conftest -O3 -fomit-frame-pointer -malign-double -fstrict-aliasing -ffast-math   conftest.c  >&5
configure:11681: $? = 0
configure:11681: ./conftest
configure:11681: $? = 0
configure:11692: result: yes
configure:11705: checking for sys/types.h
configure:11705: gcc -c -O3 -fomit-frame-pointer -malign-double -fstrict-aliasing -ffast-math  conftest.c >&5
configure:11705: $? = 0
configure:11705: result: yes
configure:11705: checking for sys/stat.h
configure:11705: gcc -c -O3 -fomit-frame-pointer -malign-double -fstrict-aliasing -ffast-math  conftest.c >&5
configure:11705: $? = 0
configure:11705: result: yes
configure:11705: checking for stdlib.h
configure:11705: gcc -c -O3 -fomit-frame-pointer -malign-double -fstrict-aliasing -ffast-math  conftest.c >&5
configure:11705: $? = 0
configure:11705: result: yes
configure:11705: checking for string.h
configure:11705: gcc -c -O3 -fomit-frame-pointer -malign-double -fstrict-aliasing -ffast-math  conftest.c >&5
configure:11705: $? = 0
configure:11705: result: yes
configure:11705: checking for memory.h
configure:11705: gcc -c -O3 -fomit-frame-pointer -malign-double -fstrict-aliasing -ffast-math  conftest.c >&5
configure:11705: $? = 0
configure:11705: result: yes
configure:11705: checking for strings.h
configure:11705: gcc -c -O3 -fomit-frame-pointer -malign-double -fstrict-aliasing -ffast-math  conftest.c >&5
configure:11705: $? = 0
configure:11705: result: yes
configure:11705: checking for inttypes.h
configure:11705: gcc -c -O3 -fomit-frame-pointer -malign-double -fstrict-aliasing -ffast-math  conftest.c >&5
configure:11705: $? = 0
configure:11705: result: yes
configure:11705: checking for stdint.h
configure:11705: gcc -c -O3 -fomit-frame-pointer -malign-double -fstrict-aliasing -ffast-math  conftest.c >&5
configure:11705: $? = 0
configure:11705: result: yes
configure:11705: checking for unistd.h
configure:11705: gcc -c -O3 -fomit-frame-pointer -malign-double -fstrict-aliasing -ffast-math  conftest.c >&5
configure:11705: $? = 0
configure:11705: result: yes
configure:11719: checking for dlfcn.h
configure:11719: gcc -c -O3 -fomit-frame-pointer -malign-double -fstrict-aliasing -ffast-math  conftest.c >&5
configure:11719: $? = 0
configure:11719: result: yes
configure:11985: checking for objdir
configure:12000: result: .libs
configure:12264: checking if gcc supports -fno-rtti -fno-exceptions
configure:12282: gcc -c -O3 -fomit-frame-pointer -malign-double -fstrict-aliasing -ffast-math  -fno-rtti -fno-exceptions conftest.c >&5
cc1: warning: command-line option '-fno-rtti' is valid for C++/D/ObjC++ but not for C
configure:12286: $? = 0
configure:12299: result: no
configure:12657: checking for gcc option to produce PIC
configure:12664: result: -fPIC -DPIC
configure:12672: checking if gcc PIC flag -fPIC -DPIC works
configure:12690: gcc -c -O3 -fomit-frame-pointer -malign-double -fstrict-aliasing -ffast-math  -fPIC -DPIC -DPIC conftest.c >&5
configure:12694: $? = 0
configure:12707: result: yes
configure:12736: checking if gcc static flag -static works
configure:12764: result: yes
configure:12779: checking if gcc supports -c -o file.o
configure:12800: gcc -c -O3 -fomit-frame-pointer -malign-double -fstrict-aliasing -ffast-math  -o out/conftest2.o conftest.c >&5
configure:12804: $? = 0
configure:12826: result: yes
configure:12834: checking if gcc supports -c -o file.o
configure:12881: result: yes
configure:12914: checking whether the gcc linker (/usr/bin/ld -m elf_x86_64) supports shared libraries
configure:14177: result: yes
configure:14214: checking whether -lc should be explicitly linked in
configure:14222: gcc -c -O3 -fomit-frame-pointer -malign-double -fstrict-aliasing -ffast-math  conftest.c >&5
configure:14225: $? = 0
configure:14240: gcc -shared  -fPIC -DPIC conftest.o  -v -Wl,-soname -Wl,conftest -o conftest 2\>\&1 \| /usr/bin/grep  -lc  \>/dev/null 2\>\&1
configure:14243: $? = 0
configure:14257: result: no
configure:14417: checking dynamic linker characteristics
configure:14998: gcc -o conftest -O3 -fomit-frame-pointer -malign-double -fstrict-aliasing -ffast-math   -Wl,-rpath -Wl,/foo conftest.c  >&5
configure:14998: $? = 0
configure:15247: result: GNU/Linux ld.so
configure:15369: checking how to hardcode library paths into programs
configure:15394: result: immediate
configure:15942: checking whether stripping libraries is possible
configure:15947: result: yes
configure:15982: checking if libtool supports shared libraries
configure:15984: result: yes
configure:15987: checking whether to build shared libraries
configure:16012: result: yes
configure:16015: checking whether to build static libraries
configure:16019: result: yes
configure:16042: checking how to run the C++ preprocessor
configure:16069: g++ -E  conftest.cpp
configure:16069: $? = 0
configure:16083: g++ -E  conftest.cpp
conftest.cpp:26:10: fatal error: ac_nonexistent.h: No such file or directory
   26 | #include <ac_nonexistent.h>
      |          ^~~~~~~~~~~~~~~~~~
compilation terminated.
configure:16083: $? = 1
configure: failed program was:
| /* confdefs.h */
| #define PACKAGE_NAME "isl"
| #define PACKAGE_TARNAME "isl"
| #define PACKAGE_VERSION "0.23"
| #define PACKAGE_STRING "isl 0.23"
| #define PACKAGE_BUGREPORT "isl-development@googlegroups.com"
| #define PACKAGE_URL ""
| #define PACKAGE "isl"
| #define VERSION "0.23"
| #define GCC_WARN_UNUSED_RESULT __attribute__((__warn_unused_result__))
| #define HAVE___ATTRIBUTE__ 1
| #define HAVE_CXX11 1
| #define STDC_HEADERS 1
| #define HAVE_SYS_TYPES_H 1
| #define HAVE_SYS_STAT_H 1
| #define HAVE_STDLIB_H 1
| #define HAVE_STRING_H 1
| #define HAVE_MEMORY_H 1
| #define HAVE_STRINGS_H 1
| #define HAVE_INTTYPES_H 1
| #define HAVE_STDINT_H 1
| #define HAVE_UNISTD_H 1
| #define HAVE_DLFCN_H 1
| #define LT_OBJDIR ".libs/"
| /* end confdefs.h.  */
| #include <ac_nonexistent.h>
configure:16108: result: g++ -E
configure:16128: g++ -E  conftest.cpp
configure:16128: $? = 0
configure:16142: g++ -E  conftest.cpp
conftest.cpp:26:10: fatal error: ac_nonexistent.h: No such file or directory
   26 | #include <ac_nonexistent.h>
      |          ^~~~~~~~~~~~~~~~~~
compilation terminated.
configure:16142: $? = 1
configure: failed program was:
| /* confdefs.h */
| #define PACKAGE_NAME "isl"
| #define PACKAGE_TARNAME "isl"
| #define PACKAGE_VERSION "0.23"
| #define PACKAGE_STRING "isl 0.23"
| #define PACKAGE_BUGREPORT "isl-development@googlegroups.com"
| #define PACKAGE_URL ""
| #define PACKAGE "isl"
| #define VERSION "0.23"
| #define GCC_WARN_UNUSED_RESULT __attribute__((__warn_unused_result__))
| #define HAVE___ATTRIBUTE__ 1
| #define HAVE_CXX11 1
| #define STDC_HEADERS 1
| #define HAVE_SYS_TYPES_H 1
| #define HAVE_SYS_STAT_H 1
| #define HAVE_STDLIB_H 1
| #define HAVE_STRING_H 1
| #define HAVE_MEMORY_H 1
| #define HAVE_STRINGS_H 1
| #define HAVE_INTTYPES_H 1
| #define HAVE_STDINT_H 1
| #define HAVE_UNISTD_H 1
| #define HAVE_DLFCN_H 1
| #define LT_OBJDIR ".libs/"
| /* end confdefs.h.  */
| #include <ac_nonexistent.h>
configure:16304: checking for ld used by g++
configure:16371: result: /usr/bin/ld -m elf_x86_64
configure:16378: checking if the linker (/usr/bin/ld -m elf_x86_64) is GNU ld
configure:16393: result: yes
configure:16448: checking whether the g++ linker (/usr/bin/ld -m elf_x86_64) supports shared libraries
configure:17521: result: yes
configure:17557: g++ -c -g -O2  conftest.cpp >&5
configure:17560: $? = 0
configure:18041: checking for g++ option to produce PIC
configure:18048: result: -fPIC -DPIC
configure:18056: checking if g++ PIC flag -fPIC -DPIC works
configure:18074: g++ -c -g -O2  -fPIC -DPIC -DPIC conftest.cpp >&5
configure:18078: $? = 0
configure:18091: result: yes
configure:18114: checking if g++ static flag -static works
configure:18142: result: yes
configure:18154: checking if g++ supports -c -o file.o
configure:18175: g++ -c -g -O2  -o out/conftest2.o conftest.cpp >&5
configure:18179: $? = 0
configure:18201: result: yes
configure:18206: checking if g++ supports -c -o file.o
configure:18253: result: yes
configure:18283: checking whether the g++ linker (/usr/bin/ld -m elf_x86_64) supports shared libraries
configure:18326: result: yes
configure:18467: checking dynamic linker characteristics
configure:19224: result: GNU/Linux ld.so
configure:19289: checking how to hardcode library paths into programs
configure:19314: result: immediate
configure:19375: checking for a sed that does not truncate output
configure:19439: result: /usr/bin/sed
configure:19479: checking for a Python interpreter with version >= 2.5
configure:19496: python -c import sys # split strings by '.' and convert to numeric. Append some zeros # because we need at least 4 digits for the hex conversion. # map returns an iterator in Python 3.0 and a list in 2.x minver = list(map(int, '2.5'.split('.'))) + [0, 0, 0] minverhex = 0 # xrange is not present in Python 3.0 and range returns an iterator for i in list(range(0, 4)): minverhex = (minverhex << 8) + minver[i] sys.exit(sys.hexversion < minverhex)
configure:19499: $? = 0
configure:19505: result: python
configure:19513: checking for python
configure:19531: found /opt/anaconda/bin/python
configure:19543: result: /opt/anaconda/bin/python
configure:19561: checking for python version
configure:19568: result: 3.8
configure:19580: checking for python platform
configure:19587: result: linux
configure:19613: checking for python script directory
configure:19648: result: ${prefix}/lib/python3.8/site-packages
configure:19657: checking for python extension module directory
configure:19692: result: ${exec_prefix}/lib/python3.8/site-packages
configure:19716: checking for cygpath
configure:19746: result: no
configure:19753: checking for perl
configure:19769: found /usr/bin/perl
configure:19780: result: perl
configure:19790: checking for pdflatex
configure:19806: found /usr/bin/pdflatex
configure:19817: result: pdflatex
configure:19827: checking for pod2html
configure:19843: found /usr/bin/core_perl/pod2html
configure:19854: result: pod2html
configure:19880: checking for stdint types
configure:19903: gcc -c   conftest.c >&5
configure:19903: $? = 0
configure:19947: result: stdint.h (shortcircuit)
configure:20334: result: make use of stdint.h in include/isl/stdint.h (assuming C99 compatible system)
configure:20449: checking which gmp to use
configure:20451: result: system
configure:20468: checking gmp.h usability
configure:20468: gcc -c -O3 -fomit-frame-pointer -malign-double -fstrict-aliasing -ffast-math   conftest.c >&5
configure:20468: $? = 0
configure:20468: result: yes
configure:20468: checking gmp.h presence
configure:20468: gcc -E   conftest.c
configure:20468: $? = 0
configure:20468: result: yes
configure:20468: checking for gmp.h
configure:20468: result: yes
configure:20476: checking for main in -lgmp
configure:20495: gcc -o conftest -O3 -fomit-frame-pointer -malign-double -fstrict-aliasing -ffast-math     conftest.c -lgmp  -lgmp  >&5
configure:20495: $? = 0
configure:20504: result: yes
configure:20532: gcc -o conftest -O3 -fomit-frame-pointer -malign-double -fstrict-aliasing -ffast-math     conftest.c -lgmp -lgmp  >&5
configure:20532: $? = 0
configure:20555: checking whether mp_get_memory_functions is declared
configure:20555: gcc -c -O3 -fomit-frame-pointer -malign-double -fstrict-aliasing -ffast-math   conftest.c >&5
configure:20555: $? = 0
configure:20555: result: yes
configure:20673: checking whether ffs is declared
configure:20673: gcc -c -O3 -fomit-frame-pointer -malign-double -fstrict-aliasing -ffast-math  conftest.c >&5
configure:20673: $? = 0
configure:20673: result: yes
configure:20685: checking whether __builtin_ffs is declared
configure:20685: gcc -c -O3 -fomit-frame-pointer -malign-double -fstrict-aliasing -ffast-math  conftest.c >&5
configure:20685: $? = 0
configure:20685: result: yes
configure:20696: checking whether _BitScanForward is declared
configure:20696: gcc -c -O3 -fomit-frame-pointer -malign-double -fstrict-aliasing -ffast-math  conftest.c >&5
conftest.c:31:10: fatal error: intrin.h: No such file or directory
   31 | #include <intrin.h>
      |          ^~~~~~~~~~
compilation terminated.
configure:20696: $? = 1
configure: failed program was:
| /* confdefs.h */
| #define PACKAGE_NAME "isl"
| #define PACKAGE_TARNAME "isl"
| #define PACKAGE_VERSION "0.23"
| #define PACKAGE_STRING "isl 0.23"
| #define PACKAGE_BUGREPORT "isl-development@googlegroups.com"
| #define PACKAGE_URL ""
| #define PACKAGE "isl"
| #define VERSION "0.23"
| #define GCC_WARN_UNUSED_RESULT __attribute__((__warn_unused_result__))
| #define HAVE___ATTRIBUTE__ 1
| #define HAVE_CXX11 1
| #define STDC_HEADERS 1
| #define HAVE_SYS_TYPES_H 1
| #define HAVE_SYS_STAT_H 1
| #define HAVE_STDLIB_H 1
| #define HAVE_STRING_H 1
| #define HAVE_MEMORY_H 1
| #define HAVE_STRINGS_H 1
| #define HAVE_INTTYPES_H 1
| #define HAVE_STDINT_H 1
| #define HAVE_UNISTD_H 1
| #define HAVE_DLFCN_H 1
| #define LT_OBJDIR ".libs/"
| #define USE_GMP_FOR_MP /**/
| #define HAVE_LIBGMP 1
| #define HAVE_DECL_MP_GET_MEMORY_FUNCTIONS 1
| #define HAVE_DECL_FFS 1
| #define HAVE_DECL___BUILTIN_FFS 1
| /* end confdefs.h.  */
| #include <intrin.h>
| 
| int
| main ()
| {
| #ifndef _BitScanForward
| #ifdef __cplusplus
|   (void) _BitScanForward;
| #else
|   (void) _BitScanForward;
| #endif
| #endif
| 
|   ;
|   return 0;
| }
configure:20696: result: no
configure:20713: checking whether strcasecmp is declared
configure:20713: gcc -c -O3 -fomit-frame-pointer -malign-double -fstrict-aliasing -ffast-math  conftest.c >&5
configure:20713: $? = 0
configure:20713: result: yes
configure:20724: checking whether strncasecmp is declared
configure:20724: gcc -c -O3 -fomit-frame-pointer -malign-double -fstrict-aliasing -ffast-math  conftest.c >&5
configure:20724: $? = 0
configure:20724: result: yes
configure:20736: checking whether _stricmp is declared
configure:20736: gcc -c -O3 -fomit-frame-pointer -malign-double -fstrict-aliasing -ffast-math  conftest.c >&5
conftest.c: In function 'main':
conftest.c:43:10: error: '_stricmp' undeclared (first use in this function); did you mean 'strncmp'?
   43 |   (void) _stricmp;
      |          ^~~~~~~~
      |          strncmp
conftest.c:43:10: note: each undeclared identifier is reported only once for each function it appears in
configure:20736: $? = 1
configure: failed program was:
| /* confdefs.h */
| #define PACKAGE_NAME "isl"
| #define PACKAGE_TARNAME "isl"
| #define PACKAGE_VERSION "0.23"
| #define PACKAGE_STRING "isl 0.23"
| #define PACKAGE_BUGREPORT "isl-development@googlegroups.com"
| #define PACKAGE_URL ""
| #define PACKAGE "isl"
| #define VERSION "0.23"
| #define GCC_WARN_UNUSED_RESULT __attribute__((__warn_unused_result__))
| #define HAVE___ATTRIBUTE__ 1
| #define HAVE_CXX11 1
| #define STDC_HEADERS 1
| #define HAVE_SYS_TYPES_H 1
| #define HAVE_SYS_STAT_H 1
| #define HAVE_STDLIB_H 1
| #define HAVE_STRING_H 1
| #define HAVE_MEMORY_H 1
| #define HAVE_STRINGS_H 1
| #define HAVE_INTTYPES_H 1
| #define HAVE_STDINT_H 1
| #define HAVE_UNISTD_H 1
| #define HAVE_DLFCN_H 1
| #define LT_OBJDIR ".libs/"
| #define USE_GMP_FOR_MP /**/
| #define HAVE_LIBGMP 1
| #define HAVE_DECL_MP_GET_MEMORY_FUNCTIONS 1
| #define HAVE_DECL_FFS 1
| #define HAVE_DECL___BUILTIN_FFS 1
| #define HAVE_DECL__BITSCANFORWARD 0
| #define HAVE_DECL_STRCASECMP 1
| #define HAVE_DECL_STRNCASECMP 1
| /* end confdefs.h.  */
| #include <string.h>
| 
| int
| main ()
| {
| #ifndef _stricmp
| #ifdef __cplusplus
|   (void) _stricmp;
| #else
|   (void) _stricmp;
| #endif
| #endif
| 
|   ;
|   return 0;
| }
configure:20736: result: no
configure:20747: checking whether _strnicmp is declared
configure:20747: gcc -c -O3 -fomit-frame-pointer -malign-double -fstrict-aliasing -ffast-math  conftest.c >&5
conftest.c: In function 'main':
conftest.c:44:10: error: '_strnicmp' undeclared (first use in this function); did you mean 'strncmp'?
   44 |   (void) _strnicmp;
      |          ^~~~~~~~~
      |          strncmp
conftest.c:44:10: note: each undeclared identifier is reported only once for each function it appears in
configure:20747: $? = 1
configure: failed program was:
| /* confdefs.h */
| #define PACKAGE_NAME "isl"
| #define PACKAGE_TARNAME "isl"
| #define PACKAGE_VERSION "0.23"
| #define PACKAGE_STRING "isl 0.23"
| #define PACKAGE_BUGREPORT "isl-development@googlegroups.com"
| #define PACKAGE_URL ""
| #define PACKAGE "isl"
| #define VERSION "0.23"
| #define GCC_WARN_UNUSED_RESULT __attribute__((__warn_unused_result__))
| #define HAVE___ATTRIBUTE__ 1
| #define HAVE_CXX11 1
| #define STDC_HEADERS 1
| #define HAVE_SYS_TYPES_H 1
| #define HAVE_SYS_STAT_H 1
| #define HAVE_STDLIB_H 1
| #define HAVE_STRING_H 1
| #define HAVE_MEMORY_H 1
| #define HAVE_STRINGS_H 1
| #define HAVE_INTTYPES_H 1
| #define HAVE_STDINT_H 1
| #define HAVE_UNISTD_H 1
| #define HAVE_DLFCN_H 1
| #define LT_OBJDIR ".libs/"
| #define USE_GMP_FOR_MP /**/
| #define HAVE_LIBGMP 1
| #define HAVE_DECL_MP_GET_MEMORY_FUNCTIONS 1
| #define HAVE_DECL_FFS 1
| #define HAVE_DECL___BUILTIN_FFS 1
| #define HAVE_DECL__BITSCANFORWARD 0
| #define HAVE_DECL_STRCASECMP 1
| #define HAVE_DECL_STRNCASECMP 1
| #define HAVE_DECL__STRICMP 0
| /* end confdefs.h.  */
| #include <string.h>
| 
| int
| main ()
| {
| #ifndef _strnicmp
| #ifdef __cplusplus
|   (void) _strnicmp;
| #else
|   (void) _strnicmp;
| #endif
| #endif
| 
|   ;
|   return 0;
| }
configure:20747: result: no
configure:20767: checking whether snprintf is declared
configure:20767: gcc -c -O3 -fomit-frame-pointer -malign-double -fstrict-aliasing -ffast-math  conftest.c >&5
configure:20767: $? = 0
configure:20767: result: yes
configure:20778: checking whether _snprintf is declared
configure:20778: gcc -c -O3 -fomit-frame-pointer -malign-double -fstrict-aliasing -ffast-math  conftest.c >&5
conftest.c: In function 'main':
conftest.c:46:10: error: '_snprintf' undeclared (first use in this function); did you mean 'vsnprintf'?
   46 |   (void) _snprintf;
      |          ^~~~~~~~~
      |          vsnprintf
conftest.c:46:10: note: each undeclared identifier is reported only once for each function it appears in
configure:20778: $? = 1
configure: failed program was:
| /* confdefs.h */
| #define PACKAGE_NAME "isl"
| #define PACKAGE_TARNAME "isl"
| #define PACKAGE_VERSION "0.23"
| #define PACKAGE_STRING "isl 0.23"
| #define PACKAGE_BUGREPORT "isl-development@googlegroups.com"
| #define PACKAGE_URL ""
| #define PACKAGE "isl"
| #define VERSION "0.23"
| #define GCC_WARN_UNUSED_RESULT __attribute__((__warn_unused_result__))
| #define HAVE___ATTRIBUTE__ 1
| #define HAVE_CXX11 1
| #define STDC_HEADERS 1
| #define HAVE_SYS_TYPES_H 1
| #define HAVE_SYS_STAT_H 1
| #define HAVE_STDLIB_H 1
| #define HAVE_STRING_H 1
| #define HAVE_MEMORY_H 1
| #define HAVE_STRINGS_H 1
| #define HAVE_INTTYPES_H 1
| #define HAVE_STDINT_H 1
| #define HAVE_UNISTD_H 1
| #define HAVE_DLFCN_H 1
| #define LT_OBJDIR ".libs/"
| #define USE_GMP_FOR_MP /**/
| #define HAVE_LIBGMP 1
| #define HAVE_DECL_MP_GET_MEMORY_FUNCTIONS 1
| #define HAVE_DECL_FFS 1
| #define HAVE_DECL___BUILTIN_FFS 1
| #define HAVE_DECL__BITSCANFORWARD 0
| #define HAVE_DECL_STRCASECMP 1
| #define HAVE_DECL_STRNCASECMP 1
| #define HAVE_DECL__STRICMP 0
| #define HAVE_DECL__STRNICMP 0
| #define HAVE_DECL_SNPRINTF 1
| /* end confdefs.h.  */
| #include <stdio.h>
| 
| int
| main ()
| {
| #ifndef _snprintf
| #ifdef __cplusplus
|   (void) _snprintf;
| #else
|   (void) _snprintf;
| #endif
| #endif
| 
|   ;
|   return 0;
| }
configure:20778: result: no
configure:20872: checking which clang to use
configure:20874: result: no
configure:20897: checking for C compiler vendor
configure:20928: result: gnu
configure:20949: checking our pkgconfig libname
configure:20957: result: isl
configure:20960: checking our pkgconfig version
configure:20968: result: 0.23
configure:20971: checking our pkgconfig_libdir
configure:20978: result: ${libdir}/pkgconfig
configure:20981: result: expanded our pkgconfig_libdir... /home/blake/Research/quantum/artifact-new/qrane/lib/barvinok/lib/pkgconfig
configure:20985: checking our pkgconfig_libfile
configure:20991: result: isl.pc
configure:20998: checking our package / suffix
configure:21002: result: isl / 
configure:21005: checking our pkgconfig description
configure:21012: result: isl Library
configure:21015: checking our pkgconfig requires
configure:21020: result: 
configure:21023: checking our pkgconfig ext libs
configure:21030: result: -lisl -lgmp
configure:21033: checking our pkgconfig cppflags
configure:21038: result: 
configure:21041: checking our pkgconfig ldflags
configure:21046: result: 
configure:21086: result: noninstalled pkgconfig -L /home/blake/Research/quantum/artifact-new/qrane/barvinok-0.41.4/isl/.libs
configure:21121: result: noninstalled pkgconfig -I /home/blake/Research/quantum/artifact-new/qrane/barvinok-0.41.4/isl/./include
configure:21288: checking that generated files are newer than configure
configure:21294: result: done
configure:21365: creating ./config.status

## ---------------------- ##
## Running config.status. ##
## ---------------------- ##

This file was extended by isl config.status 0.23, which was
generated by GNU Autoconf 2.69.  Invocation command line was

  CONFIG_FILES    = 
  CONFIG_HEADERS  = 
  CONFIG_LINKS    = 
  CONFIG_COMMANDS = 
  $ ./config.status 

on blakelaptop

config.status:1265: creating isl_srcdir.c
config.status:1265: creating Makefile
config.status:1265: creating doc/Makefile
config.status:1265: creating bound_test.sh
config.status:1265: creating codegen_test.sh
config.status:1265: creating pip_test.sh
config.status:1265: creating flow_test.sh
config.status:1265: creating schedule_test.sh
config.status:1265: creating isl_config.h
config.status:1494: executing depfiles commands
config.status:1571: cd .       && sed -e '/# am--include-marker/d' Makefile         | make -f - am--depfiles
config.status:1576: $? = 0
config.status:1494: executing libtool commands
config.status:1494: executing include/isl/stdint.h commands
config.status:2306: creating include/isl/stdint.h : _ISL_INCLUDE_ISL_STDINT_H
config.status:1494: executing isl.pc commands
config.status:2788: creating isl.pc.in
config.status:2811: creating isl.pc
config.status:2837: creating isl-uninstalled.pc
config.status:2867: creating isl-uninstalled.sh

## ---------------- ##
## Cache variables. ##
## ---------------- ##

ac_cv_build=x86_64-unknown-linux-gnu
ac_cv_build_objext=o
ac_cv_build_prog_CPP='gcc -E'
ac_cv_build_prog_cc_c89=
ac_cv_build_prog_cc_g=yes
ac_cv_c_compiler_gnu=yes
ac_cv_cxx_compiler_gnu=yes
ac_cv_env_CCC_set=
ac_cv_env_CCC_value=
ac_cv_env_CC_set=
ac_cv_env_CC_value=
ac_cv_env_CFLAGS_set=
ac_cv_env_CFLAGS_value=
ac_cv_env_CPPFLAGS_set=
ac_cv_env_CPPFLAGS_value=
ac_cv_env_CPP_set=
ac_cv_env_CPP_value=
ac_cv_env_CXXCPP_set=
ac_cv_env_CXXCPP_value=
ac_cv_env_CXXFLAGS_set=
ac_cv_env_CXXFLAGS_value=
ac_cv_env_CXX_set=
ac_cv_env_CXX_value=
ac_cv_env_LDFLAGS_set=
ac_cv_env_LDFLAGS_value=
ac_cv_env_LIBS_set=
ac_cv_env_LIBS_value=
ac_cv_env_LT_SYS_LIBRARY_PATH_set=
ac_cv_env_LT_SYS_LIBRARY_PATH_value=
ac_cv_env_PYTHON_set=
ac_cv_env_PYTHON_value=
ac_cv_env_build_alias_set=
ac_cv_env_build_alias_value=
ac_cv_env_host_alias_set=
ac_cv_env_host_alias_value=
ac_cv_env_target_alias_set=
ac_cv_env_target_alias_value=
ac_cv_have_decl__BitScanForward=no
ac_cv_have_decl___builtin_ffs=yes
ac_cv_have_decl__snprintf=no
ac_cv_have_decl__stricmp=no
ac_cv_have_decl__strnicmp=no
ac_cv_have_decl_ffs=yes
ac_cv_have_decl_mp_get_memory_functions=yes
ac_cv_have_decl_snprintf=yes
ac_cv_have_decl_strcasecmp=yes
ac_cv_have_decl_strncasecmp=yes
ac_cv_header_dlfcn_h=yes
ac_cv_header_gmp_h=yes
ac_cv_header_inttypes_h=yes
ac_cv_header_memory_h=yes
ac_cv_header_stdc=yes
ac_cv_header_stdint=stdint.h
ac_cv_header_stdint_h=yes
ac_cv_header_stdint_t=stdint.h
ac_cv_header_stdlib_h=yes
ac_cv_header_string_h=yes
ac_cv_header_strings_h=yes
ac_cv_header_sys_stat_h=yes
ac_cv_header_sys_types_h=yes
ac_cv_header_unistd_h=yes
ac_cv_host=x86_64-unknown-linux-gnu
ac_cv_lib_gmp_main=yes
ac_cv_objext=o
ac_cv_path_EGREP='/usr/bin/grep -E'
ac_cv_path_FGREP='/usr/bin/grep -F'
ac_cv_path_GREP=/usr/bin/grep
ac_cv_path_PYTHON=/opt/anaconda/bin/python
ac_cv_path_SED=/usr/bin/sed
ac_cv_path_install='/usr/bin/install -c'
ac_cv_path_lt_DD=/usr/bin/dd
ac_cv_path_mkdir=/usr/bin/mkdir
ac_cv_prog_AWK=gawk
ac_cv_prog_CPP='gcc -E'
ac_cv_prog_CXXCPP='g++ -E'
ac_cv_prog_PDFLATEX=pdflatex
ac_cv_prog_PERL=perl
ac_cv_prog_POD2HTML=pod2html
ac_cv_prog_ac_ct_AR=ar
ac_cv_prog_ac_ct_CC=gcc
ac_cv_prog_ac_ct_CC_FOR_BUILD=gcc
ac_cv_prog_ac_ct_CXX=g++
ac_cv_prog_ac_ct_OBJDUMP=objdump
ac_cv_prog_ac_ct_RANLIB=ranlib
ac_cv_prog_ac_ct_STRIP=strip
ac_cv_prog_cc_c89=
ac_cv_prog_cc_g=yes
ac_cv_prog_cxx_g=yes
ac_cv_prog_make_make_set=yes
ac_cv_stdint_message='using gnu compiler gcc (GCC) 11.2.0'
ac_cv_stdint_result='(assuming C99 compatible system)'
am_cv_CC_dependencies_compiler_type=gcc3
am_cv_CXX_dependencies_compiler_type=gcc3
am_cv_build_CC_dependencies_compiler_type=gcc3
am_cv_build_prog_cc_c_o=yes
am_cv_make_support_nested_variables=yes
am_cv_pathless_PYTHON=python
am_cv_prog_cc_c_o=yes
am_cv_python_platform=linux
am_cv_python_pyexecdir='${exec_prefix}/lib/python3.8/site-packages'
am_cv_python_pythondir='${prefix}/lib/python3.8/site-packages'
am_cv_python_version=3.8
ax_cv___attribute__=yes
ax_cv_c_compiler_vendor=gnu
ax_cv_c_flags__O3__fomit_frame_pointer__malign_double__fstrict_aliasing__ffast_math=yes
ax_cv_c_flags__ffast_math=yes
ax_cv_c_flags__fstrict_aliasing=yes
ax_cv_c_flags__malign_double=yes
ax_cv_c_flags__march_pentium2=no
ax_cv_c_flags__march_pentiumpro=no
ax_cv_c_flags__mcpu_pentium2=no
ax_cv_c_flags__mcpu_pentiumpro=no
ax_cv_c_flags__mpentium2=no
ax_cv_c_flags__mpentiumpro=no
ax_cv_cxx_compile_cxx11=yes
ax_cv_gcc_archflag=unknown
ax_cv_gcc_warn_unused_result=yes
ax_cv_gcc_x86_cpuid_0=16:756e6547:6c65746e:49656e69
ax_cv_gcc_x86_cpuid_1=a0652:8100800:7ffafbbf:bfebfbff
lt_cv_ar_at_file=@
lt_cv_archive_cmds_need_lc=no
lt_cv_deplibs_check_method=pass_all
lt_cv_file_magic_cmd='$MAGIC_CMD'
lt_cv_file_magic_test_file=
lt_cv_ld_reload_flag=-r
lt_cv_nm_interface='BSD nm'
lt_cv_objdir=.libs
lt_cv_path_LD=/usr/bin/ld
lt_cv_path_LDCXX='/usr/bin/ld -m elf_x86_64'
lt_cv_path_NM='/usr/bin/nm -B'
lt_cv_path_mainfest_tool=no
lt_cv_prog_compiler_c_o=yes
lt_cv_prog_compiler_c_o_CXX=yes
lt_cv_prog_compiler_pic='-fPIC -DPIC'
lt_cv_prog_compiler_pic_CXX='-fPIC -DPIC'
lt_cv_prog_compiler_pic_works=yes
lt_cv_prog_compiler_pic_works_CXX=yes
lt_cv_prog_compiler_rtti_exceptions=no
lt_cv_prog_compiler_static_works=yes
lt_cv_prog_compiler_static_works_CXX=yes
lt_cv_prog_gnu_ld=yes
lt_cv_prog_gnu_ldcxx=yes
lt_cv_sharedlib_from_linklib_cmd='printf %s\n'
lt_cv_shlibpath_overrides_runpath=no
lt_cv_sys_global_symbol_pipe='sed -n -e '\''s/^.*[	 ]\([ABCDGIRSTW][ABCDGIRSTW]*\)[	 ][	 ]*\([_A-Za-z][_A-Za-z0-9]*\)$/\1 \2 \2/p'\'' | sed '\''/ __gnu_lto/d'\'''
lt_cv_sys_global_symbol_to_c_name_address='sed -n -e '\''s/^: \(.*\) .*$/  {"\1", (void *) 0},/p'\'' -e '\''s/^[ABCDGIRSTW][ABCDGIRSTW]* .* \(.*\)$/  {"\1", (void *) \&\1},/p'\'''
lt_cv_sys_global_symbol_to_c_name_address_lib_prefix='sed -n -e '\''s/^: \(.*\) .*$/  {"\1", (void *) 0},/p'\'' -e '\''s/^[ABCDGIRSTW][ABCDGIRSTW]* .* \(lib.*\)$/  {"\1", (void *) \&\1},/p'\'' -e '\''s/^[ABCDGIRSTW][ABCDGIRSTW]* .* \(.*\)$/  {"lib\1", (void *) \&\1},/p'\'''
lt_cv_sys_global_symbol_to_cdecl='sed -n -e '\''s/^T .* \(.*\)$/extern int \1();/p'\'' -e '\''s/^[ABCDGIRSTW][ABCDGIRSTW]* .* \(.*\)$/extern char \1;/p'\'''
lt_cv_sys_global_symbol_to_import=
lt_cv_sys_max_cmd_len=1572864
lt_cv_to_host_file_cmd=func_convert_file_noop
lt_cv_to_tool_file_cmd=func_convert_file_noop
lt_cv_truncate_bin='/usr/bin/dd bs=4096 count=1'

## ----------------- ##
## Output variables. ##
## ----------------- ##

ACLOCAL='${SHELL} /home/blake/Research/quantum/artifact-new/qrane/barvinok-0.41.4/isl/missing aclocal-1.16'
AMDEPBACKSLASH='\'
AMDEP_FALSE='#'
AMDEP_TRUE=''
AMTAR='$${TAR-tar}'
AM_BACKSLASH='\'
AM_DEFAULT_V='$(AM_DEFAULT_VERBOSITY)'
AM_DEFAULT_VERBOSITY='0'
AM_V='$(V)'
AR='ar'
AUTOCONF='${SHELL} /home/blake/Research/quantum/artifact-new/qrane/barvinok-0.41.4/isl/missing autoconf'
AUTOHEADER='${SHELL} /home/blake/Research/quantum/artifact-new/qrane/barvinok-0.41.4/isl/missing autoheader'
AUTOMAKE='${SHELL} /home/blake/Research/quantum/artifact-new/qrane/barvinok-0.41.4/isl/missing automake-1.16'
AWK='gawk'
BUILD_EXEEXT=''
BUILD_OBJEXT='o'
CC='gcc'
CCDEPMODE='depmode=gcc3'
CC_FOR_BUILD='gcc'
CFLAGS='-O3 -fomit-frame-pointer -malign-double -fstrict-aliasing -ffast-math'
CFLAGS_FOR_BUILD='-g'
CPP='gcc -E'
CPPFLAGS=''
CPPFLAGS_FOR_BUILD=''
CPP_FOR_BUILD='gcc -E'
CXX='g++'
CXXCPP='g++ -E'
CXXDEPMODE='depmode=gcc3'
CXXFLAGS='-g -O2'
CYGPATH=''
CYGPATH_W='echo'
DEFS='-DHAVE_CONFIG_H'
DEPDIR='.deps'
DLLTOOL='false'
DSYMUTIL=''
DUMPBIN=''
ECHO_C=''
ECHO_N='-n'
ECHO_T=''
EGREP='/usr/bin/grep -E'
EXEEXT=''
FGREP='/usr/bin/grep -F'
GENERATE_DOC_FALSE='#'
GENERATE_DOC_TRUE=''
GIT_HEAD=''
GIT_HEAD_ID='isl-0.23'
GIT_HEAD_VERSION='isl-0.23'
GMP_FOR_MP_FALSE='#'
GMP_FOR_MP_TRUE=''
GREP='/usr/bin/grep'
HAVE_CLANG_FALSE=''
HAVE_CLANG_TRUE='#'
HAVE_CPP_ISL_H_FALSE='#'
HAVE_CPP_ISL_H_TRUE=''
HAVE_CXX11='1'
HAVE_CXX11_FALSE='#'
HAVE_CXX11_TRUE=''
HAVE_PYTHON_FALSE='#'
HAVE_PYTHON_TRUE=''
IMATH_FOR_MP_FALSE=''
IMATH_FOR_MP_TRUE='#'
INSTALL_DATA='${INSTALL} -m 644'
INSTALL_PROGRAM='${INSTALL}'
INSTALL_SCRIPT='${INSTALL}'
INSTALL_STRIP_PROGRAM='$(install_sh) -c -s'
LD='/usr/bin/ld -m elf_x86_64'
LDFLAGS=''
LDFLAGS_FOR_BUILD=''
LIBOBJS=''
LIBS=''
LIBTOOL='$(SHELL) $(top_builddir)/libtool'
LIPO=''
LN_S='ln -s'
LTLIBOBJS=''
LT_SYS_LIBRARY_PATH=''
MAKEINFO='${SHELL} /home/blake/Research/quantum/artifact-new/qrane/barvinok-0.41.4/isl/missing makeinfo'
MANIFEST_TOOL=':'
MKDIR_P='/usr/bin/mkdir -p'
MP_CFLAGS=''
MP_CPPFLAGS=''
MP_LDFLAGS=''
MP_LIBS='-lgmp'
NEED_GET_MEMORY_FUNCTIONS_FALSE=''
NEED_GET_MEMORY_FUNCTIONS_TRUE='#'
NM='/usr/bin/nm -B'
NMEDIT=''
OBJDUMP='objdump'
OBJEXT='o'
OS_SRCDIR='.'
OTOOL64=''
OTOOL=''
PACKAGE='isl'
PACKAGE_BUGREPORT='isl-development@googlegroups.com'
PACKAGE_NAME='isl'
PACKAGE_STRING='isl 0.23'
PACKAGE_TARNAME='isl'
PACKAGE_URL=''
PACKAGE_VERSION='0.23'
PATH_SEPARATOR=':'
PDFLATEX='pdflatex'
PERL='perl'
POD2HTML='pod2html'
PRTDIAG=''
PYTHON='/opt/anaconda/bin/python'
PYTHON_EXEC_PREFIX='${exec_prefix}'
PYTHON_PLATFORM='linux'
PYTHON_PREFIX='${prefix}'
PYTHON_VERSION='3.8'
RANLIB='ranlib'
SED='/usr/bin/sed'
SET_MAKE=''
SHELL='/bin/sh'
SMALL_INT_OPT_FALSE=''
SMALL_INT_OPT_TRUE='#'
STRIP='strip'
VERSION='0.23'
WARNING_FLAGS=''
ac_ct_AR='ar'
ac_ct_CC='gcc'
ac_ct_CC_FOR_BUILD='gcc'
ac_ct_CXX='g++'
ac_ct_DUMPBIN=''
am__EXEEXT_FALSE=''
am__EXEEXT_TRUE='#'
am__fastdepCC_FALSE='#'
am__fastdepCC_TRUE=''
am__fastdepCXX_FALSE='#'
am__fastdepCXX_TRUE=''
am__include='include'
am__isrc=''
am__leading_dot='.'
am__nodep='_no'
am__quote=''
am__tar='$${TAR-tar} chof - "$$tardir"'
am__untar='$${TAR-tar} xf -'
bindir='${exec_prefix}/bin'
build='x86_64-unknown-linux-gnu'
build_alias=''
build_cpu='x86_64'
build_os='linux-gnu'
build_vendor='unknown'
datadir='${datarootdir}'
datarootdir='${prefix}/share'
docdir='${datarootdir}/doc/${PACKAGE_TARNAME}'
dvidir='${docdir}'
exec_prefix='${prefix}'
host='x86_64-unknown-linux-gnu'
host_alias=''
host_cpu='x86_64'
host_os='linux-gnu'
host_vendor='unknown'
htmldir='${docdir}'
includedir='${prefix}/include'
infodir='${datarootdir}/info'
install_sh='${SHELL} /home/blake/Research/quantum/artifact-new/qrane/barvinok-0.41.4/isl/install-sh'
libdir='${exec_prefix}/lib'
libexecdir='${exec_prefix}/libexec'
localedir='${datarootdir}/locale'
localstatedir='${prefix}/var'
mandir='${datarootdir}/man'
mkdir_p='$(MKDIR_P)'
oldincludedir='/usr/include'
pdfdir='${docdir}'
pkgconfig_libdir='${libdir}/pkgconfig'
pkgconfig_libfile='isl.pc'
pkgpyexecdir='${pyexecdir}/isl'
pkgpythondir='${pythondir}/isl'
prefix='/home/blake/Research/quantum/artifact-new/qrane/lib/barvinok'
program_transform_name='s,x,x,'
psdir='${docdir}'
pyexecdir='${exec_prefix}/lib/python3.8/site-packages'
pythondir='${prefix}/lib/python3.8/site-packages'
runstatedir='${localstatedir}/run'
sbindir='${exec_prefix}/sbin'
sharedstatedir='${prefix}/com'
subdirs=''
sysconfdir='${prefix}/etc'
target_alias=''
versioninfo='23:0:0'

## ----------- ##
## confdefs.h. ##
## ----------- ##

/* confdefs.h */
#define PACKAGE_NAME "isl"
#define PACKAGE_TARNAME "isl"
#define PACKAGE_VERSION "0.23"
#define PACKAGE_STRING "isl 0.23"
#define PACKAGE_BUGREPORT "isl-development@googlegroups.com"
#define PACKAGE_URL ""
#define PACKAGE "isl"
#define VERSION "0.23"
#define GCC_WARN_UNUSED_RESULT __attribute__((__warn_unused_result__))
#define HAVE___ATTRIBUTE__ 1
#define HAVE_CXX11 1
#define STDC_HEADERS 1
#define HAVE_SYS_TYPES_H 1
#define HAVE_SYS_STAT_H 1
#define HAVE_STDLIB_H 1
#define HAVE_STRING_H 1
#define HAVE_MEMORY_H 1
#define HAVE_STRINGS_H 1
#define HAVE_INTTYPES_H 1
#define HAVE_STDINT_H 1
#define HAVE_UNISTD_H 1
#define HAVE_DLFCN_H 1
#define LT_OBJDIR ".libs/"
#define USE_GMP_FOR_MP /**/
#define HAVE_LIBGMP 1
#define HAVE_DECL_MP_GET_MEMORY_FUNCTIONS 1
#define HAVE_DECL_FFS 1
#define HAVE_DECL___BUILTIN_FFS 1
#define HAVE_DECL__BITSCANFORWARD 0
#define HAVE_DECL_STRCASECMP 1
#define HAVE_DECL_STRNCASECMP 1
#define HAVE_DECL__STRICMP 0
#define HAVE_DECL__STRNICMP 0
#define HAVE_DECL_SNPRINTF 1
#define HAVE_DECL__SNPRINTF 0

configure: exit 0
